<?xml version="1.0" encoding="UTF-8"?>
<coverage generated="1733137370824" clover="3.2.0">
  <project timestamp="1733137370824" name="All files">
    <metrics statements="10" coveredstatements="5" conditionals="4" coveredconditionals="1" methods="5" coveredmethods="1" elements="19" coveredelements="7" complexity="0" loc="10" ncloc="10" packages="1" files="1" classes="1"/>
    <file name="Navbar.js" path="C:\Users\essam\Downloads\Appointment\HealthLink\healthlink_frontend\src\Components\Navbar.js">
      <metrics statements="10" coveredstatements="5" conditionals="4" coveredconditionals="1" methods="5" coveredmethods="1"/>
      <line num="10" count="5" type="stmt"/>
      <line num="11" count="4" type="stmt"/>
      <line num="13" count="4" type="stmt"/>
      <line num="14" count="0" type="stmt"/>
      <line num="17" count="4" type="stmt"/>
      <line num="18" count="0" type="cond" truecount="0" falsecount="2"/>
      <line num="19" count="0" type="stmt"/>
      <line num="21" count="0" type="stmt"/>
      <line num="22" count="0" type="stmt"/>
      <line num="27" count="4" type="stmt"/>
    </file>
  </project>
</coverage>
