{"C:\\Users\\essam\\Downloads\\Appointment\\HealthLink\\healthlink_frontend\\src\\Components\\Navbar.js": {"path":"C:\\Users\\essam\\Downloads\\Appointment\\HealthLink\\healthlink_frontend\\src\\Components\\Navbar.js","statementMap":{"0":{"start":{"line":10,"column":26},"end":{"line":10,"column":41}},"1":{"start":{"line":11,"column":52},"end":{"line":11,"column":67}},"2":{"start":{"line":13,"column":20},"end":{"line":15,"column":5}},"3":{"start":{"line":14,"column":8},"end":{"line":14,"column":21}},"4":{"start":{"line":17,"column":31},"end":{"line":25,"column":5}},"5":{"start":{"line":18,"column":8},"end":{"line":24,"column":9}},"6":{"start":{"line":19,"column":12},"end":{"line":23,"column":15}},"7":{"start":{"line":21,"column":30},"end":{"line":21,"column":55}},"8":{"start":{"line":22,"column":31},"end":{"line":22,"column":57}},"9":{"start":{"line":27,"column":4},"end":{"line":142,"column":6}}},"fnMap":{"0":{"name":"Navbar","decl":{"start":{"line":9,"column":9},"end":{"line":9,"column":15}},"loc":{"start":{"line":9,"column":18},"end":{"line":143,"column":1}},"line":9},"1":{"name":"(anonymous_1)","decl":{"start":{"line":13,"column":20},"end":{"line":13,"column":21}},"loc":{"start":{"line":13,"column":26},"end":{"line":15,"column":5}},"line":13},"2":{"name":"(anonymous_2)","decl":{"start":{"line":17,"column":31},"end":{"line":17,"column":32}},"loc":{"start":{"line":17,"column":37},"end":{"line":25,"column":5}},"line":17},"3":{"name":"(anonymous_3)","decl":{"start":{"line":21,"column":24},"end":{"line":21,"column":25}},"loc":{"start":{"line":21,"column":30},"end":{"line":21,"column":55}},"line":21},"4":{"name":"(anonymous_4)","decl":{"start":{"line":22,"column":25},"end":{"line":22,"column":26}},"loc":{"start":{"line":22,"column":31},"end":{"line":22,"column":57}},"line":22}},"branchMap":{"0":{"loc":{"start":{"line":18,"column":8},"end":{"line":24,"column":9}},"type":"if","locations":[{"start":{"line":18,"column":8},"end":{"line":24,"column":9}},{"start":{},"end":{}}],"line":18},"1":{"loc":{"start":{"line":83,"column":45},"end":{"line":83,"column":66}},"type":"cond-expr","locations":[{"start":{"line":83,"column":51},"end":{"line":83,"column":61}},{"start":{"line":83,"column":64},"end":{"line":83,"column":66}}],"line":83}},"s":{"0":5,"1":4,"2":4,"3":0,"4":4,"5":0,"6":0,"7":0,"8":0,"9":4},"f":{"0":5,"1":0,"2":0,"3":0,"4":0},"b":{"0":[0,0],"1":[0,4]},"_coverageSchema":"1a1c01bbd47fc00a2c39e90264f33305004495a9","hash":"6caf455928f49a39b9bdaf6625829d5da913eb74"}
}
